0 info it worked if it ends with ok
1 verbose cli [ '/usr/local/bin/node', '/usr/local/bin/npm', 'install' ]
2 info using npm@2.11.3
3 info using node@v0.12.7
4 verbose readDependencies loading dependencies from /Users/shanmugamuthu/Downloads/ShowMyHomeworks/ember-showmyhomework-calendar/package.json
5 verbose install where, deps [ '/Users/shanmugamuthu/Downloads/ShowMyHomeworks/ember-showmyhomework-calendar',
5 verbose install   [ 'string',
5 verbose install     'broccoli-asset-rev',
5 verbose install     'ember-cli',
5 verbose install     'ember-cli-app-version',
5 verbose install     'ember-cli-babel',
5 verbose install     'ember-cli-content-security-policy',
5 verbose install     'ember-cli-dependency-checker',
5 verbose install     'ember-cli-htmlbars',
5 verbose install     'ember-cli-htmlbars-inline-precompile',
5 verbose install     'ember-cli-ic-ajax',
5 verbose install     'ember-cli-inject-live-reload',
5 verbose install     'ember-cli-qunit',
5 verbose install     'ember-cli-uglify',
5 verbose install     'ember-data',
5 verbose install     'ember-export-application-global' ] ]
6 verbose install where, peers [ '/Users/shanmugamuthu/Downloads/ShowMyHomeworks/ember-showmyhomework-calendar',
6 verbose install   [] ]
7 verbose installManyTop reading for lifecycle /Users/shanmugamuthu/Downloads/ShowMyHomeworks/ember-showmyhomework-calendar/package.json
8 info preinstall ember-showmyhomework-calendar@0.0.0
9 verbose installManyTop reading scoped package data from /Users/shanmugamuthu/Downloads/ShowMyHomeworks/ember-showmyhomework-calendar/node_modules/broccoli-asset-rev/package.json
10 verbose installManyTop reading scoped package data from /Users/shanmugamuthu/Downloads/ShowMyHomeworks/ember-showmyhomework-calendar/node_modules/ember-cli/package.json
11 verbose installManyTop reading scoped package data from /Users/shanmugamuthu/Downloads/ShowMyHomeworks/ember-showmyhomework-calendar/node_modules/ember-cli-app-version/package.json
12 verbose installManyTop reading scoped package data from /Users/shanmugamuthu/Downloads/ShowMyHomeworks/ember-showmyhomework-calendar/node_modules/ember-cli-babel/package.json
13 verbose installManyTop reading scoped package data from /Users/shanmugamuthu/Downloads/ShowMyHomeworks/ember-showmyhomework-calendar/node_modules/ember-cli-content-security-policy/package.json
14 verbose installManyTop reading scoped package data from /Users/shanmugamuthu/Downloads/ShowMyHomeworks/ember-showmyhomework-calendar/node_modules/ember-cli-dependency-checker/package.json
15 verbose installManyTop reading scoped package data from /Users/shanmugamuthu/Downloads/ShowMyHomeworks/ember-showmyhomework-calendar/node_modules/ember-cli-htmlbars/package.json
16 verbose installManyTop reading scoped package data from /Users/shanmugamuthu/Downloads/ShowMyHomeworks/ember-showmyhomework-calendar/node_modules/ember-cli-htmlbars-inline-precompile/package.json
17 verbose installManyTop reading scoped package data from /Users/shanmugamuthu/Downloads/ShowMyHomeworks/ember-showmyhomework-calendar/node_modules/ember-cli-ic-ajax/package.json
18 verbose installManyTop reading scoped package data from /Users/shanmugamuthu/Downloads/ShowMyHomeworks/ember-showmyhomework-calendar/node_modules/ember-cli-inject-live-reload/package.json
19 verbose installManyTop reading scoped package data from /Users/shanmugamuthu/Downloads/ShowMyHomeworks/ember-showmyhomework-calendar/node_modules/ember-cli-qunit/package.json
20 verbose installManyTop reading scoped package data from /Users/shanmugamuthu/Downloads/ShowMyHomeworks/ember-showmyhomework-calendar/node_modules/ember-cli-release/package.json
21 verbose installManyTop reading scoped package data from /Users/shanmugamuthu/Downloads/ShowMyHomeworks/ember-showmyhomework-calendar/node_modules/ember-cli-sri/package.json
22 verbose installManyTop reading scoped package data from /Users/shanmugamuthu/Downloads/ShowMyHomeworks/ember-showmyhomework-calendar/node_modules/ember-cli-uglify/package.json
23 verbose installManyTop reading scoped package data from /Users/shanmugamuthu/Downloads/ShowMyHomeworks/ember-showmyhomework-calendar/node_modules/ember-data/package.json
24 verbose installManyTop reading scoped package data from /Users/shanmugamuthu/Downloads/ShowMyHomeworks/ember-showmyhomework-calendar/node_modules/ember-disable-proxy-controllers/package.json
25 verbose installManyTop reading scoped package data from /Users/shanmugamuthu/Downloads/ShowMyHomeworks/ember-showmyhomework-calendar/node_modules/ember-export-application-global/package.json
26 verbose installManyTop reading scoped package data from /Users/shanmugamuthu/Downloads/ShowMyHomeworks/ember-showmyhomework-calendar/node_modules/jquery-colorbox/package.json
27 info package.json ember-cli-sri@1.0.3 No README data
28 verbose readDependencies loading dependencies from /Users/shanmugamuthu/Downloads/ShowMyHomeworks/ember-showmyhomework-calendar/package.json
29 verbose targetResolver reading package data from /Users/shanmugamuthu/Downloads/ShowMyHomeworks/ember-showmyhomework-calendar/node_modules/broccoli-asset-rev/package.json
30 verbose targetResolver reading package data from /Users/shanmugamuthu/Downloads/ShowMyHomeworks/ember-showmyhomework-calendar/node_modules/ember-cli/package.json
31 verbose targetResolver reading package data from /Users/shanmugamuthu/Downloads/ShowMyHomeworks/ember-showmyhomework-calendar/node_modules/ember-cli-app-version/package.json
32 verbose targetResolver reading package data from /Users/shanmugamuthu/Downloads/ShowMyHomeworks/ember-showmyhomework-calendar/node_modules/ember-cli-babel/package.json
33 verbose targetResolver reading package data from /Users/shanmugamuthu/Downloads/ShowMyHomeworks/ember-showmyhomework-calendar/node_modules/ember-cli-content-security-policy/package.json
34 verbose targetResolver reading package data from /Users/shanmugamuthu/Downloads/ShowMyHomeworks/ember-showmyhomework-calendar/node_modules/ember-cli-dependency-checker/package.json
35 verbose targetResolver reading package data from /Users/shanmugamuthu/Downloads/ShowMyHomeworks/ember-showmyhomework-calendar/node_modules/ember-cli-htmlbars/package.json
36 verbose targetResolver reading package data from /Users/shanmugamuthu/Downloads/ShowMyHomeworks/ember-showmyhomework-calendar/node_modules/ember-cli-htmlbars-inline-precompile/package.json
37 verbose targetResolver reading package data from /Users/shanmugamuthu/Downloads/ShowMyHomeworks/ember-showmyhomework-calendar/node_modules/ember-cli-ic-ajax/package.json
38 verbose targetResolver reading package data from /Users/shanmugamuthu/Downloads/ShowMyHomeworks/ember-showmyhomework-calendar/node_modules/ember-cli-inject-live-reload/package.json
39 verbose targetResolver reading package data from /Users/shanmugamuthu/Downloads/ShowMyHomeworks/ember-showmyhomework-calendar/node_modules/ember-cli-qunit/package.json
40 verbose targetResolver reading package data from /Users/shanmugamuthu/Downloads/ShowMyHomeworks/ember-showmyhomework-calendar/node_modules/ember-cli-release/package.json
41 verbose targetResolver reading package data from /Users/shanmugamuthu/Downloads/ShowMyHomeworks/ember-showmyhomework-calendar/node_modules/ember-cli-sri/package.json
42 verbose targetResolver reading package data from /Users/shanmugamuthu/Downloads/ShowMyHomeworks/ember-showmyhomework-calendar/node_modules/ember-cli-uglify/package.json
43 verbose targetResolver reading package data from /Users/shanmugamuthu/Downloads/ShowMyHomeworks/ember-showmyhomework-calendar/node_modules/ember-data/package.json
44 verbose targetResolver reading package data from /Users/shanmugamuthu/Downloads/ShowMyHomeworks/ember-showmyhomework-calendar/node_modules/ember-disable-proxy-controllers/package.json
45 verbose targetResolver reading package data from /Users/shanmugamuthu/Downloads/ShowMyHomeworks/ember-showmyhomework-calendar/node_modules/ember-export-application-global/package.json
46 verbose targetResolver reading package data from /Users/shanmugamuthu/Downloads/ShowMyHomeworks/ember-showmyhomework-calendar/node_modules/jquery-colorbox/package.json
47 verbose targetResolver reading package data from /Users/shanmugamuthu/Downloads/ShowMyHomeworks/ember-showmyhomework-calendar/node_modules/.bin/ember/package.json
48 verbose already installed skipping ember-cli-htmlbars-inline-precompile@^0.2.0 /Users/shanmugamuthu/Downloads/ShowMyHomeworks/ember-showmyhomework-calendar
49 verbose already installed skipping ember-cli-ic-ajax@0.2.1 /Users/shanmugamuthu/Downloads/ShowMyHomeworks/ember-showmyhomework-calendar
50 verbose already installed skipping ember-cli-inject-live-reload@^1.3.1 /Users/shanmugamuthu/Downloads/ShowMyHomeworks/ember-showmyhomework-calendar
51 verbose already installed skipping ember-cli-qunit@^1.0.0 /Users/shanmugamuthu/Downloads/ShowMyHomeworks/ember-showmyhomework-calendar
52 verbose already installed skipping ember-cli-uglify@^1.2.0 /Users/shanmugamuthu/Downloads/ShowMyHomeworks/ember-showmyhomework-calendar
53 verbose already installed skipping ember-data@1.13.8 /Users/shanmugamuthu/Downloads/ShowMyHomeworks/ember-showmyhomework-calendar
54 verbose already installed skipping ember-export-application-global@^1.0.3 /Users/shanmugamuthu/Downloads/ShowMyHomeworks/ember-showmyhomework-calendar
55 silly cache add args [ 'string@^3.3.1', null ]
56 verbose cache add spec string@^3.3.1
57 silly cache add parsed spec { raw: 'string@^3.3.1',
57 silly cache add   scope: null,
57 silly cache add   name: 'string',
57 silly cache add   rawSpec: '^3.3.1',
57 silly cache add   spec: '>=3.3.1 <4.0.0',
57 silly cache add   type: 'range' }
58 silly addNamed string@>=3.3.1 <4.0.0
59 verbose addNamed ">=3.3.1 <4.0.0" is a valid semver range for string
60 silly addNameRange { name: 'string', range: '>=3.3.1 <4.0.0', hasData: false }
61 silly mapToRegistry name string
62 silly mapToRegistry using default registry
63 silly mapToRegistry registry https://registry.npmjs.org/
64 silly mapToRegistry uri https://registry.npmjs.org/string
65 verbose addNameRange registry:https://registry.npmjs.org/string not in flight; fetching
66 verbose already installed skipping broccoli-asset-rev@^2.1.2 /Users/shanmugamuthu/Downloads/ShowMyHomeworks/ember-showmyhomework-calendar
67 verbose already installed skipping ember-cli@1.13.8 /Users/shanmugamuthu/Downloads/ShowMyHomeworks/ember-showmyhomework-calendar
68 verbose already installed skipping ember-cli-app-version@0.5.0 /Users/shanmugamuthu/Downloads/ShowMyHomeworks/ember-showmyhomework-calendar
69 verbose request uri https://registry.npmjs.org/string
70 verbose request no auth needed
71 info attempt registry request try #1 at 12:10:59 AM
72 verbose request id 2379fa16fc676ac2
73 verbose etag "5ZETIQW4TR3GS00HLQTR9ENIX"
74 http request GET https://registry.npmjs.org/string
75 verbose already installed skipping ember-cli-babel@^5.1.3 /Users/shanmugamuthu/Downloads/ShowMyHomeworks/ember-showmyhomework-calendar
76 verbose already installed skipping ember-cli-content-security-policy@0.4.0 /Users/shanmugamuthu/Downloads/ShowMyHomeworks/ember-showmyhomework-calendar
77 verbose already installed skipping ember-cli-dependency-checker@^1.0.1 /Users/shanmugamuthu/Downloads/ShowMyHomeworks/ember-showmyhomework-calendar
78 verbose already installed skipping ember-cli-htmlbars@0.7.9 /Users/shanmugamuthu/Downloads/ShowMyHomeworks/ember-showmyhomework-calendar
79 http 304 https://registry.npmjs.org/string
80 silly get cb [ 304,
80 silly get   { date: 'Sun, 23 Aug 2015 23:11:02 GMT',
80 silly get     via: '1.1 varnish',
80 silly get     'cache-control': 'max-age=60',
80 silly get     etag: '"5ZETIQW4TR3GS00HLQTR9ENIX"',
80 silly get     age: '0',
80 silly get     connection: 'keep-alive',
80 silly get     'x-served-by': 'cache-lcy1128-LCY',
80 silly get     'x-cache': 'MISS',
80 silly get     'x-cache-hits': '0',
80 silly get     'x-timer': 'S1440371462.803321,VS0,VE1137',
80 silly get     vary: 'Accept' } ]
81 verbose etag https://registry.npmjs.org/string from cache
82 verbose get saving string to /Users/shanmugamuthu/.npm/registry.npmjs.org/string/.cache.json
83 silly addNameRange number 2 { name: 'string', range: '>=3.3.1 <4.0.0', hasData: true }
84 silly addNameRange versions [ 'string',
84 silly addNameRange   [ '0.0.1',
84 silly addNameRange     '0.0.2',
84 silly addNameRange     '0.0.3',
84 silly addNameRange     '0.0.4',
84 silly addNameRange     '0.1.1',
84 silly addNameRange     '0.1.2',
84 silly addNameRange     '0.2.0',
84 silly addNameRange     '0.2.1',
84 silly addNameRange     '0.2.1-1',
84 silly addNameRange     '0.2.1-2',
84 silly addNameRange     '0.2.2',
84 silly addNameRange     '1.0.0',
84 silly addNameRange     '1.1.0',
84 silly addNameRange     '1.2.0',
84 silly addNameRange     '1.2.1',
84 silly addNameRange     '1.3.0',
84 silly addNameRange     '1.3.1',
84 silly addNameRange     '1.4.0',
84 silly addNameRange     '1.5.0',
84 silly addNameRange     '1.5.1',
84 silly addNameRange     '1.6.0',
84 silly addNameRange     '1.6.1',
84 silly addNameRange     '1.7.0',
84 silly addNameRange     '1.8.0',
84 silly addNameRange     '1.8.1',
84 silly addNameRange     '1.9.0',
84 silly addNameRange     '1.9.1',
84 silly addNameRange     '2.0.0',
84 silly addNameRange     '2.0.1',
84 silly addNameRange     '2.1.0',
84 silly addNameRange     '2.2.0',
84 silly addNameRange     '3.0.0',
84 silly addNameRange     '3.0.1',
84 silly addNameRange     '3.1.0',
84 silly addNameRange     '3.1.1',
84 silly addNameRange     '3.1.2',
84 silly addNameRange     '3.1.3',
84 silly addNameRange     '3.2.0',
84 silly addNameRange     '3.2.1',
84 silly addNameRange     '3.3.0',
84 silly addNameRange     '3.3.1' ] ]
85 silly addNamed string@3.3.1
86 verbose addNamed "3.3.1" is a plain semver version for string
87 silly cache afterAdd string@3.3.1
88 verbose afterAdd /Users/shanmugamuthu/.npm/string/3.3.1/package/package.json not in flight; writing
89 verbose afterAdd /Users/shanmugamuthu/.npm/string/3.3.1/package/package.json written
90 silly install resolved [ { name: 'string',
90 silly install resolved     version: '3.3.1',
90 silly install resolved     description: 'string contains methods that aren\'t included in the vanilla JavaScript string such as escaping html, decoding html entities, stripping tags, etc.',
90 silly install resolved     homepage: 'http://stringjs.com',
90 silly install resolved     repository:
90 silly install resolved      { type: 'git',
90 silly install resolved        url: 'git+https://github.com/jprichardson/string.js.git' },
90 silly install resolved     keywords:
90 silly install resolved      [ 'string',
90 silly install resolved        'strings',
90 silly install resolved        'string.js',
90 silly install resolved        'stringjs',
90 silly install resolved        'S',
90 silly install resolved        's',
90 silly install resolved        'csv',
90 silly install resolved        'html',
90 silly install resolved        'entities',
90 silly install resolved        'parse',
90 silly install resolved        'html',
90 silly install resolved        'tags',
90 silly install resolved        'strip',
90 silly install resolved        'trim',
90 silly install resolved        'encode',
90 silly install resolved        'decode',
90 silly install resolved        'escape',
90 silly install resolved        'unescape' ],
90 silly install resolved     author: { name: 'JP Richardson', email: 'jprichardson@gmail.com' },
90 silly install resolved     license: 'MIT',
90 silly install resolved     dependencies: {},
90 silly install resolved     devDependencies:
90 silly install resolved      { gulp: '3.8.11',
90 silly install resolved        'gulp-browserify': '0.5.1',
90 silly install resolved        'gulp-mocha': '2.0.0',
90 silly install resolved        'gulp-rename': '1.2.0',
90 silly install resolved        'gulp-rimraf': '^0.1.1',
90 silly install resolved        'gulp-uglify': '1.1.0',
90 silly install resolved        istanbul: '*',
90 silly install resolved        mocha: '*',
90 silly install resolved        mochify: '^2.9.0',
90 silly install resolved        'uglify-js': '1.3.x' },
90 silly install resolved     main: 'lib/string',
90 silly install resolved     scripts:
90 silly install resolved      { test: 'gulp test',
90 silly install resolved        istanbul: 'istanbul cover node_modules/.bin/_mocha test/string.test.js' },
90 silly install resolved     gitHead: '27d105d9735e4745b3a001f9fc3a7a1b1a66bbf3',
90 silly install resolved     bugs: { url: 'https://github.com/jprichardson/string.js/issues' },
90 silly install resolved     _id: 'string@3.3.1',
90 silly install resolved     _shasum: '8d2757ec1c0e6c526796fbb6b14036a4098398b7',
90 silly install resolved     _from: 'string@>=3.3.1 <4.0.0',
90 silly install resolved     _npmVersion: '2.10.1',
90 silly install resolved     _nodeVersion: '2.1.0',
90 silly install resolved     _npmUser: { name: 'az7arul', email: 'az7arul@gmail.com' },
90 silly install resolved     maintainers: [ [Object], [Object] ],
90 silly install resolved     dist:
90 silly install resolved      { shasum: '8d2757ec1c0e6c526796fbb6b14036a4098398b7',
90 silly install resolved        tarball: 'http://registry.npmjs.org/string/-/string-3.3.1.tgz' },
90 silly install resolved     directories: {},
90 silly install resolved     _resolved: 'https://registry.npmjs.org/string/-/string-3.3.1.tgz',
90 silly install resolved     readme: 'ERROR: No README data found!' } ]
91 info install string@3.3.1 into /Users/shanmugamuthu/Downloads/ShowMyHomeworks/ember-showmyhomework-calendar
92 info installOne string@3.3.1
93 verbose installOne of string to /Users/shanmugamuthu/Downloads/ShowMyHomeworks/ember-showmyhomework-calendar not in flight; installing
94 warn locking Error: EACCES, open '/Users/shanmugamuthu/.npm/_locks/string-5868a6e9113c527f.lock'
94 warn locking     at Error (native)
94 warn locking  /Users/shanmugamuthu/.npm/_locks/string-5868a6e9113c527f.lock failed { [Error: EACCES, open '/Users/shanmugamuthu/.npm/_locks/string-5868a6e9113c527f.lock']
94 warn locking   errno: -13,
94 warn locking   code: 'EACCES',
94 warn locking   path: '/Users/shanmugamuthu/.npm/_locks/string-5868a6e9113c527f.lock' }
95 verbose stack Error: Attempt to unlock /Users/shanmugamuthu/Downloads/ShowMyHomeworks/ember-showmyhomework-calendar/node_modules/string, which hasn't been locked
95 verbose stack     at unlock (/usr/local/lib/node_modules/npm/lib/utils/locker.js:66:11)
95 verbose stack     at cb (/usr/local/lib/node_modules/npm/lib/install.js:1017:5)
95 verbose stack     at /usr/local/lib/node_modules/npm/lib/install.js:1021:20
95 verbose stack     at /usr/local/lib/node_modules/npm/lib/utils/locker.js:40:9
95 verbose stack     at cb (/usr/local/lib/node_modules/npm/node_modules/lockfile/lockfile.js:149:38)
95 verbose stack     at /usr/local/lib/node_modules/npm/node_modules/lockfile/lockfile.js:177:38
95 verbose stack     at FSReqWrap.oncomplete (fs.js:95:15)
96 verbose cwd /Users/shanmugamuthu/Downloads/ShowMyHomeworks/ember-showmyhomework-calendar
97 error Darwin 13.1.0
98 error argv "/usr/local/bin/node" "/usr/local/bin/npm" "install"
99 error node v0.12.7
100 error npm  v2.11.3
101 error Attempt to unlock /Users/shanmugamuthu/Downloads/ShowMyHomeworks/ember-showmyhomework-calendar/node_modules/string, which hasn't been locked
102 error If you need help, you may report this error at:
102 error     <https://github.com/npm/npm/issues>
103 verbose exit [ 1, true ]
